0 info it worked if it ends with ok
1 verbose cli [ '/usr/local/bin/node', '/usr/local/bin/npm', 'run', 'commit' ]
2 info using npm@3.10.10
3 info using node@v6.10.0
4 verbose run-script [ 'precommit', 'commit', 'postcommit' ]
5 info lifecycle j2se-js@0.0.0-development~precommit: j2se-js@0.0.0-development
6 silly lifecycle j2se-js@0.0.0-development~precommit: no script for precommit, continuing
7 info lifecycle j2se-js@0.0.0-development~commit: j2se-js@0.0.0-development
8 verbose lifecycle j2se-js@0.0.0-development~commit: unsafe-perm in lifecycle true
9 verbose lifecycle j2se-js@0.0.0-development~commit: PATH: /usr/local/lib/node_modules/npm/bin/node-gyp-bin:/Users/nsanitate/Workspaces/JS/j2se-js/node_modules/.bin:/Users/nsanitate/.dnx/runtimes/dnx-mono.1.0.0-rc1-update2/bin:/Users/nsanitate/.dnx/bin:/usr/local/heroku/bin:/Users/nsanitate/Workspaces/Tools/springsource/grails-2.4.4/bin:/Users/nsanitate/Android/sdk/build-tools/21.1.2:/Library/Java/JavaVirtualMachines/jdk1.8.0_25.jdk/Contents/Home/bin:/Users/nsanitate/Workspaces/Tools/phpunit:/usr/local/opt/php56/bin:/usr/local/bin:/usr/bin:/bin:/usr/sbin:/sbin:/usr/local/share/dotnet:/Applications/IBM/MobileFirst-CLI
10 verbose lifecycle j2se-js@0.0.0-development~commit: CWD: /Users/nsanitate/Workspaces/JS/j2se-js
11 silly lifecycle j2se-js@0.0.0-development~commit: Args: [ '-c', 'git-cz' ]
12 silly lifecycle j2se-js@0.0.0-development~commit: Returned: code: 1  signal: null
13 info lifecycle j2se-js@0.0.0-development~commit: Failed to exec commit script
14 verbose stack Error: j2se-js@0.0.0-development commit: `git-cz`
14 verbose stack Exit status 1
14 verbose stack     at EventEmitter.<anonymous> (/usr/local/lib/node_modules/npm/lib/utils/lifecycle.js:255:16)
14 verbose stack     at emitTwo (events.js:106:13)
14 verbose stack     at EventEmitter.emit (events.js:191:7)
14 verbose stack     at ChildProcess.<anonymous> (/usr/local/lib/node_modules/npm/lib/utils/spawn.js:40:14)
14 verbose stack     at emitTwo (events.js:106:13)
14 verbose stack     at ChildProcess.emit (events.js:191:7)
14 verbose stack     at maybeClose (internal/child_process.js:877:16)
14 verbose stack     at Process.ChildProcess._handle.onexit (internal/child_process.js:226:5)
15 verbose pkgid j2se-js@0.0.0-development
16 verbose cwd /Users/nsanitate/Workspaces/JS/j2se-js
17 error Darwin 16.4.0
18 error argv "/usr/local/bin/node" "/usr/local/bin/npm" "run" "commit"
19 error node v6.10.0
20 error npm  v3.10.10
21 error code ELIFECYCLE
22 error j2se-js@0.0.0-development commit: `git-cz`
22 error Exit status 1
23 error Failed at the j2se-js@0.0.0-development commit script 'git-cz'.
23 error Make sure you have the latest version of node.js and npm installed.
23 error If you do, this is most likely a problem with the j2se-js package,
23 error not with npm itself.
23 error Tell the author that this fails on your system:
23 error     git-cz
23 error You can get information on how to open an issue for this project with:
23 error     npm bugs j2se-js
23 error Or if that isn't available, you can get their info via:
23 error     npm owner ls j2se-js
23 error There is likely additional logging output above.
24 verbose exit [ 1, true ]
